<?xml version="1.0" encoding="UTF-8"?>
<testng-results ignored="0" total="1" passed="1" failed="0" skipped="0">
  <reporter-output>
  </reporter-output>
  <suite started-at="2020-04-09T01:32:02 PKT" name="Suite" finished-at="2020-04-09T01:32:20 PKT" duration-ms="17198">
    <groups>
    </groups>
    <test started-at="2020-04-09T01:32:02 PKT" name="Test" finished-at="2020-04-09T01:32:20 PKT" duration-ms="17198">
      <class name="test_pkg.Testng_tests">
        <test-method signature="testing()[pri:0, instance:test_pkg.Testng_tests@7a69b07]" started-at="2020-04-09T01:32:02 PKT" name="testing" finished-at="2020-04-09T01:32:20 PKT" duration-ms="17125" status="PASS">
          <reporter-output>
          </reporter-output>
        </test-method> <!-- testing -->
      </class> <!-- test_pkg.Testng_tests -->
    </test> <!-- Test -->
  </suite> <!-- Suite -->
</testng-results>
